
events.js:72
        throw er; // Unhandled 'error' event
              ^
Error: listen EADDRINUSE
    at errnoException (net.js:904:11)
    at Server._listen2 (net.js:1042:14)
    at listen (net.js:1064:10)
    at Server.listen (net.js:1138:5)
    at /site/server.js:13:8
    at fs.js:271:14
    at Object.oncomplete (fs.js:107:15)

/site/server.js:10
        response.writeHeader(200, {"Content-Type": "text/html","text/css"});  
                                                                         ^
SyntaxError: Unexpected token }
    at Module._compile (module.js:439:25)
    at Object.Module._extensions..js (module.js:474:10)
    at Module.load (module.js:356:32)
    at Function.Module._load (module.js:312:12)
    at Function.Module.runMain (module.js:497:10)
    at startup (node.js:119:16)
    at node.js:906:3

http.js:851
    throw new TypeError('first argument must be a string or Buffer');
          ^
TypeError: first argument must be a string or Buffer
    at ServerResponse.OutgoingMessage.write (http.js:851:11)
    at /site/server.js:32:13
    at fs.js:207:20
    at Object.oncomplete (fs.js:107:15)

http.js:851
    throw new TypeError('first argument must be a string or Buffer');
          ^
TypeError: first argument must be a string or Buffer
    at ServerResponse.OutgoingMessage.write (http.js:851:11)
    at /site/server.js:32:13
    at fs.js:207:20
    at Object.oncomplete (fs.js:107:15)

http.js:851
    throw new TypeError('first argument must be a string or Buffer');
          ^
TypeError: first argument must be a string or Buffer
    at ServerResponse.OutgoingMessage.write (http.js:851:11)
    at /site/server.js:32:13
    at fs.js:207:20
    at Object.oncomplete (fs.js:107:15)

http.js:851
    throw new TypeError('first argument must be a string or Buffer');
          ^
TypeError: first argument must be a string or Buffer
    at ServerResponse.OutgoingMessage.write (http.js:851:11)
    at /site/server.js:32:13
    at fs.js:207:20
    at Object.oncomplete (fs.js:107:15)

http.js:851
    throw new TypeError('first argument must be a string or Buffer');
          ^
TypeError: first argument must be a string or Buffer
    at ServerResponse.OutgoingMessage.write (http.js:851:11)
    at /site/server.js:32:13
    at fs.js:207:20
    at Object.oncomplete (fs.js:107:15)

http.js:851
    throw new TypeError('first argument must be a string or Buffer');
          ^
TypeError: first argument must be a string or Buffer
    at ServerResponse.OutgoingMessage.write (http.js:851:11)
    at /site/server.js:32:13
    at fs.js:207:20
    at Object.oncomplete (fs.js:107:15)

/site/server.js:32
      });
       ^
SyntaxError: Unexpected token )
    at Module._compile (module.js:439:25)
    at Object.Module._extensions..js (module.js:474:10)
    at Module.load (module.js:356:32)
    at Function.Module._load (module.js:312:12)
    at Function.Module.runMain (module.js:497:10)
    at startup (node.js:119:16)
    at node.js:906:3

http.js:851
    throw new TypeError('first argument must be a string or Buffer');
          ^
TypeError: first argument must be a string or Buffer
    at ServerResponse.OutgoingMessage.write (http.js:851:11)
    at /site/server.js:14:13
    at fs.js:207:20
    at Object.oncomplete (fs.js:107:15)

http.js:851
    throw new TypeError('first argument must be a string or Buffer');
          ^
TypeError: first argument must be a string or Buffer
    at ServerResponse.OutgoingMessage.write (http.js:851:11)
    at /site/server.js:14:13
    at fs.js:207:20
    at Object.oncomplete (fs.js:107:15)

http.js:851
    throw new TypeError('first argument must be a string or Buffer');
          ^
TypeError: first argument must be a string or Buffer
    at ServerResponse.OutgoingMessage.write (http.js:851:11)
    at /site/server.js:14:13
    at fs.js:207:20
    at Object.oncomplete (fs.js:107:15)

http.js:851
    throw new TypeError('first argument must be a string or Buffer');
          ^
TypeError: first argument must be a string or Buffer
    at ServerResponse.OutgoingMessage.write (http.js:851:11)
    at /site/server.js:14:13
    at fs.js:207:20
    at Object.oncomplete (fs.js:107:15)

http.js:851
    throw new TypeError('first argument must be a string or Buffer');
          ^
TypeError: first argument must be a string or Buffer
    at ServerResponse.OutgoingMessage.write (http.js:851:11)
    at /site/server.js:14:13
    at fs.js:207:20
    at Object.oncomplete (fs.js:107:15)

http.js:851
    throw new TypeError('first argument must be a string or Buffer');
          ^
TypeError: first argument must be a string or Buffer
    at ServerResponse.OutgoingMessage.write (http.js:851:11)
    at /site/server.js:14:13
    at fs.js:207:20
    at Object.oncomplete (fs.js:107:15)

events.js:72
        throw er; // Unhandled 'error' event
              ^
Error: listen EADDRINUSE
    at errnoException (net.js:904:11)
    at Server._listen2 (net.js:1042:14)
    at listen (net.js:1064:10)
    at Server.listen (net.js:1138:5)
    at Object.<anonymous> (/site/server.js:43:4)
    at Module._compile (module.js:456:26)
    at Object.Module._extensions..js (module.js:474:10)
    at Module.load (module.js:356:32)
    at Function.Module._load (module.js:312:12)
    at Function.Module.runMain (module.js:497:10)
