Server is running on 8080
Server is running on 8080
Server is running on 8080
Server is running on 8080
Server is running on 8080
Server is running on 8080
Server is running on 8080
Server is running on 8080
Server is running on 8080
Server is running on 8080
Server is running on 8080
Server is running on 8080
Server is running on 8080
Server is running on 8080
Server is running on 8080
Server is running on 8080
Server is running on 8080
Server is running on 8080
Server is running on 8080
Server is running on 8080
Server is running on 8080
Server is running on 8080
Server is running on 8080
Server is running on 8080
Server is running on 8080
Server is running on 8080
Server is running on 8080
Here!
Server is running on 8080
Here!
Had a html request!
{ [Error: ENOENT, open '/siteindex.html'] errno: 34, code: 'ENOENT', path: '/siteindex.html' }
Server is running on 8080
Here!
Had a html request!
{ [Error: ENOENT, open '/siteindex.html'] errno: 34, code: 'ENOENT', path: '/siteindex.html' }
Server is running on 8080
Here!
Had a html request!
{ [Error: ENOENT, open '/siteindex.html'] errno: 34, code: 'ENOENT', path: '/siteindex.html' }
Server is running on 8080
Here!
Had a html request!
{ [Error: ENOENT, open '/siteindex.html'] errno: 34, code: 'ENOENT', path: '/siteindex.html' }
Server is running on 8080
Here!
Had a html request!
{ [Error: ENOENT, open '/siteindex.html'] errno: 34, code: 'ENOENT', path: '/siteindex.html' }
Server is running on 8080
Here!
Had a html request!
{ [Error: ENOENT, open '/siteindex.html'] errno: 34, code: 'ENOENT', path: '/siteindex.html' }
Server is running on 8080
Server is running on 8080
Here!
Had a html request!
Here!
Here!
{ [Error: ENOENT, open '/site/js/script.js'] errno: 34, code: 'ENOENT', path: '/site/js/script.js' }
Server is running on 8080
Here!
Had a html request!
Here!
Here!
{ [Error: ENOENT, open '/site/js/script.js'] errno: 34, code: 'ENOENT', path: '/site/js/script.js' }
Server is running on 8080
Here!
{ [Error: ENOENT, open '/site/js/script.js'] errno: 34, code: 'ENOENT', path: '/site/js/script.js' }
Server is running on 8080
Here!
Had a html request!
Here!
Here!
{ [Error: ENOENT, open '/site/js/script.js'] errno: 34, code: 'ENOENT', path: '/site/js/script.js' }
Server is running on 8080
Here!
Had a html request!
Here!
Here!
{ [Error: ENOENT, open '/site/js/script.js'] errno: 34, code: 'ENOENT', path: '/site/js/script.js' }
Server is running on 8080
Here!
Had a html request!
Here!
Here!
{ [Error: ENOENT, open '/site/js/script.js'] errno: 34, code: 'ENOENT', path: '/site/js/script.js' }
Server is running on 8080
Server is running on 8080
